<?xml version="1.0" encoding="UTF-8"?>
<!-- Generated by org.testng.reporters.JUnitReportReporter -->
<testsuite hostname="PC1" failures="0" tests="5" name="pk_appium.EriBank_DataDriven" time="79.502" errors="0" timestamp="2024-06-18T14:44:06 IST" skipped="0">
  <testcase classname="pk_appium.EriBank_DataDriven" name="EriBank_SignOn" time="11.817"/>
  <system-out/>
  <testcase classname="pk_appium.EriBank_DataDriven" name="EriBank_MakePayment" time="15.811"/>
  <system-out/>
  <testcase classname="pk_appium.EriBank_DataDriven" name="EriBank_MakePayment" time="16.478"/>
  <system-out/>
  <testcase classname="pk_appium.EriBank_DataDriven" name="EriBank_MakePayment" time="19.694"/>
  <system-out/>
  <testcase classname="pk_appium.EriBank_DataDriven" name="EriBank_MakePayment" time="15.702"/>
  <system-out/>
</testsuite> <!-- pk_appium.EriBank_DataDriven -->
