<?xml version="1.0" encoding="UTF-8"?>
<!-- Generated by org.testng.reporters.JUnitReportReporter -->
<testsuite hostname="PC1" failures="0" tests="1" name="pk_appium.TapAction" time="20.953" errors="0" timestamp="2024-06-18T16:21:02 IST" skipped="0">
  <testcase classname="pk_appium.TapAction" name="TapByElement_Test" time="20.953"/>
  <system-out/>
</testsuite> <!-- pk_appium.TapAction -->
