<?xml version="1.0" encoding="UTF-8"?>
<!-- Generated by org.testng.reporters.JUnitReportReporter -->
<testsuite hostname="PC1" failures="0" tests="1" name="PK_CloudLab.SouceLab_EriBankApp_Android" time="6.163" errors="0" timestamp="2024-06-19T14:38:48 IST" skipped="0">
  <testcase classname="PK_CloudLab.SouceLab_EriBankApp_Android" name="Login" time="6.163"/>
  <system-out/>
</testsuite> <!-- PK_CloudLab.SouceLab_EriBankApp_Android -->
