<?xml version="1.0" encoding="UTF-8"?>
<!-- Generated by org.testng.reporters.JUnitReportReporter -->
<testsuite hostname="PC1" failures="0" tests="1" name="PK_CloudLab.Souce_mobile_browser" time="5.095" errors="0" timestamp="2024-06-19T14:20:22 IST" skipped="0">
  <testcase classname="PK_CloudLab.Souce_mobile_browser" name="EriBank_SignOn" time="5.095"/>
  <system-out/>
</testsuite> <!-- PK_CloudLab.Souce_mobile_browser -->
