<?xml version="1.0" encoding="UTF-8"?>
<!-- Generated by org.testng.reporters.JUnitReportReporter -->
<testsuite hostname="PC1" failures="0" tests="1" name="pk_appium.Calculator_Example" time="3.838" errors="0" timestamp="2024-06-19T11:55:44 IST" skipped="0">
  <testcase classname="pk_appium.Calculator_Example" name="testCal" time="3.838"/>
  <system-out/>
</testsuite> <!-- pk_appium.Calculator_Example -->
