<?xml version="1.0" encoding="UTF-8"?>
<!-- Generated by org.testng.reporters.JUnitReportReporter -->
<testsuite hostname="PC1" failures="0" tests="1" name="pk_appium.EriBankCallingBaseClass" time="10.816" errors="0" timestamp="2024-06-20T11:04:17 IST" skipped="0">
  <testcase classname="pk_appium.EriBankCallingBaseClass" name="Login" time="10.816"/>
  <system-out/>
</testsuite> <!-- pk_appium.EriBankCallingBaseClass -->
